
xv6 kernel is booting

[MP2] Slab size: 3
[FILE] fileinit
[SLAB] New kmem_cache (name: file, object size: 504 bytes, at: 0x0000000087f59000, max objects per slab: 8, support in cache obj: 0) is created
hart 1 starting
hart 2 starting
[FILE] filealloc
[SLAB] Alloc request on cache file
[SLAB] A new slab 0x0000000087f4e000 (file) is allocated
[SLAB] Object 0x0000000087f4e018 in slab 0x0000000087f4e000 (file) is allocated and initialized
init: starting sh
[FILE] filealloc
[SLAB] Alloc request on cache file
[SLAB] Object 0x0000000087f4e210 in slab 0x0000000087f4e000 (file) is allocated and initialized
[FILE] fileclose
[SLAB] Free 0x0000000087f4e210 in slab 0x0000000087f4e000 (file)
[SLAB] End of free
$ echo Ok > ok
[FILE] filealloc
[SLAB] Alloc request on cache file
[SLAB] Object 0x0000000087f4e210 in slab 0x0000000087f4e000 (file) is allocated and initialized
[FILE] fileclose
[SLAB] Free 0x0000000087f4e210 in slab 0x0000000087f4e000 (file)
[SLAB] End of free
$ qemu-system-riscv64: terminating on signal 15 from pid 619 (make)
