
xv6 kernel is booting

[MP2] Slab size: 3
[FILE] fileinit
[SLAB] New kmem_cache (name: file, object size: 504 bytes, at: 0x0000000087f59000, max objects per slab: 8, support in cache obj: 0) is created
hart 2 starting
hart 1 starting
[FILE] filealloc
[SLAB] Alloc request on cache file
[SLAB] A new slab 0x0000000087f4e000 (file) is allocated
[SLAB] Object 0x0000000087f4e018 in slab 0x0000000087f4e000 (file) is allocated and initialized
init: starting sh
[FILE] filealloc
[SLAB] Alloc request on cache file
[SLAB] Object 0x0000000087f4e210 in slab 0x0000000087f4e000 (file) is allocated and initialized
[FILE] fileclose
[SLAB] Free 0x0000000087f4e210 in slab 0x0000000087f4e000 (file)
[SLAB] End of free
$ echo Ok | gah . 2 | oak end > ok
[FILE] filealloc
[SLAB] Alloc request on cache file
[SLAB] Object 0x0000000087f4e210 in slab 0x0000000087f4e000 (file) is allocated and initialized
[FILE] filealloc
[SLAB] Alloc request on cache file
[SLAB] Object 0x0000000087f4e408 in slab 0x0000000087f4e000 (file) is allocated and initialized
[FILE] filealloc
[SLAB] Alloc request on cache file
[SLAB] Object 0x0000000087f4e600 in slab 0x0000000087f4e000 (file) is allocated and initialized
[FILE] filealloc
[SLAB] Alloc request on cache file
[SLAB] Object 0x0000000087f4e7f8 in slab 0x0000000087f4e000 (file) is allocated and initialized
[FILE] fileclose
[SLAB] Free 0x0000000087f4e408 in slab 0x0000000087f4e000 (file)
[SLAB] End of free
[FILE] filealloc
[SLAB] Alloc request on cache file
[SLAB] Object 0x0000000087f4e408 in slab 0x0000000087f4e000 (file) is allocated and initialized
[FILE] filealloc
[SLAB] Alloc request on cache file
[SLAB] Object 0x0000000087f4e9f0 in slab 0x0000000087f4e000 (file) is allocated and initialized
[FILE] filealloc
[SLAB] Alloc request on cache file
[SLAB] Object 0x0000000087f4ebe8 in slab 0x0000000087f4e000 (file) is allocated and initialized
[FILE] fileclose
[FILE] fileclose
[SLAB] Free 0x0000000087f4e600 in slab 0x0000000087f4e000 (file)
[SLAB] End of free
[SLAB] Free 0x0000000087f4e7f8 in slab 0x0000000087f4e000 (file)
[SLAB] End of free
[FILE] fileclose
[SLAB] Free 0x0000000087f4e408 in slab 0x0000000087f4e000 (file)
[SLAB] End of free
[FILE] fileclose
[SLAB] Free 0x0000000087f4e9f0 in slab 0x0000000087f4e000 (file)
[SLAB] End of free
[FILE] fileclose
[SLAB] Free 0x0000000087f4ebe8 in slab 0x0000000087f4e000 (file)
[SLAB] End of free
[FILE] fileclose
[SLAB] Free 0x0000000087f4e210 in slab 0x0000000087f4e000 (file)
[SLAB] End of free
$ checkstr ok Ok
[FILE] filealloc
[SLAB] Alloc request on cache file
[SLAB] Object 0x0000000087f4e210 in slab 0x0000000087f4e000 (file) is allocated and initialized
[FILE] fileclose
[SLAB] Free 0x0000000087f4e210 in slab 0x0000000087f4e000 (file)
[SLAB] End of free
Contents match: 'Ok' equals 'Ok'
$ qemu-system-riscv64: terminating on signal 15 from pid 677 (make)
