
xv6 kernel is booting

[MP2] Slab size: 3
[FILE] fileinit
[SLAB] New kmem_cache (name: file, object size: 504 bytes, at: 0x0000000087f59000, max objects per slab: 8, support in cache obj: 0) is created
hart 2 starting
hart 1 starting
[FILE] filealloc
[SLAB] Alloc request on cache file
[SLAB] A new slab 0x0000000087f4e000 (file) is allocated
[SLAB] Object 0x0000000087f4e018 in slab 0x0000000087f4e000 (file) is allocated and initialized
init: starting sh
[FILE] filealloc
[SLAB] Alloc request on cache file
[SLAB] Object 0x0000000087f4e210 in slab 0x0000000087f4e000 (file) is allocated and initialized
[FILE] fileclose
[SLAB] Free 0x0000000087f4e210 in slab 0x0000000087f4e000 (file)
[SLAB] End of free
$ echo Ok | tee f1 | gah . 16 | tee f2 | oak end > ok
[FILE] filealloc
[SLAB] Alloc request on cache file
[SLAB] Object 0x0000000087f4e210 in slab 0x0000000087f4e000 (file) is allocated and initialized
[FILE] filealloc
[SLAB] Alloc request on cache file
[SLAB] Object 0x0000000087f4e408 in slab 0x0000000087f4e000 (file) is allocated and initialized
[FILE] filealloc
[SLAB] Alloc request on cache file
[SLAB] Object 0x0000000087f4e600 in slab 0x0000000087f4e000 (file) is allocated and initialized
[FILE] filealloc
[SLAB] Alloc request on cache file
[SLAB] Object 0x0000000087f4e7f8 in slab 0x0000000087f4e000 (file) is allocated and initialized
[FILE] filealloc
[SLAB] Alloc request on cache file
[SLAB] Object 0x0000000087f4e9f0 in slab 0x0000000087f4e000 (file) is allocated and initialized
[FILE] filealloc
[SLAB] Alloc request on cache file
[SLAB] Object 0x0000000087f4ebe8 in slab 0x0000000087f4e000 (file) is allocated and initialized
[FILE] filealloc
[SLAB] Alloc request on cache file
[SLAB] Object 0x0000000087f4ede0 in slab 0x0000000087f4e000 (file) is allocated and initialized
[FILE] filealloc
[SLAB] Alloc request on cache file
[SLAB] A new slab 0x0000000087e72000 (file) is allocated
[SLAB] Object 0x0000000087e72018 in slab 0x0000000087e72000 (file) is allocated and initialized
[FILE] fileclose
[SLAB] Free 0x0000000087f4e408 in slab 0x0000000087f4e000 (file)
[SLAB] End of free
[FILE] filealloc
[SLAB] Alloc request on cache file
[SLAB] Object 0x0000000087f4e408 in slab 0x0000000087f4e000 (file) is allocated and initialized
[FILE] fileclose
[SLAB] Free 0x0000000087f4e408 in slab 0x0000000087f4e000 (file)
[SLAB] End of free
[FILE] filealloc
[SLAB] Alloc request on cache file
[SLAB] Object 0x0000000087f4e408 in slab 0x0000000087f4e000 (file) is allocated and initialized
[FILE] filealloc
[SLAB] Alloc request on cache file
[SLAB] Object 0x0000000087e72210 in slab 0x0000000087e72000 (file) is allocated and initialized
[FILE] fileclose
[SLAB] Free 0x0000000087f4e7f8 in slab 0x0000000087f4e000 (file)
[SLAB] End of free
[FILE] filealloc
[SLAB] Alloc request on cache file
[SLAB] Object 0x0000000087f4e7f8 in slab 0x0000000087f4e000 (file) is allocated and initialized
[FILE] filealloc
[SLAB] Alloc request on cache file
[SLAB] Object 0x0000000087e72408 in slab 0x0000000087e72000 (file) is allocated and initialized
[FILE] filealloc
[SLAB] Alloc request on cache file
[SLAB] Object 0x0000000087e72600 in slab 0x0000000087e72000 (file) is allocated and initialized
[FILE] filealloc
[SLAB] Alloc request on cache file
[SLAB] Object 0x0000000087e727f8 in slab 0x0000000087e72000 (file) is allocated and initialized
[FILE] filealloc
[SLAB] Alloc request on cache file
[SLAB] Object 0x0000000087e729f0 in slab 0x0000000087e72000 (file) is allocated and initialized
[FILE] filealloc
[SLAB] Alloc request on cache file
[SLAB] Object 0x0000000087e72be8 in slab 0x0000000087e72000 (file) is allocated and initialized
[FILE] filealloc
[SLAB] Alloc request on cache file
[SLAB] Object 0x0000000087e72de0 in slab 0x0000000087e72000 (file) is allocated and initialized
[FILE] filealloc
[SLAB] Alloc request on cache file
[SLAB] A new slab 0x0000000087e74000 (file) is allocated
[SLAB] Object 0x0000000087e74018 in slab 0x0000000087e74000 (file) is allocated and initialized
[FILE] filealloc
[SLAB] Alloc request on cache file
[SLAB] Object 0x0000000087e74210 in slab 0x0000000087e74000 (file) is allocated and initialized
[FILE] filealloc
[SLAB] Alloc request on cache file
[SLAB] Object 0x0000000087e74408 in slab 0x0000000087e74000 (file) is allocated and initialized
[FILE] filealloc
[SLAB] Alloc request on cache file
[SLAB] Object 0x0000000087e74600 in slab 0x0000000087e74000 (file) is allocated and initialized
[FILE] filealloc
[SLAB] Alloc request on cache file
[SLAB] Object 0x0000000087e747f8 in slab 0x0000000087e74000 (file) is allocated and initialized
[FILE] filealloc
[SLAB] Alloc request on cache file
[SLAB] Object 0x0000000087e749f0 in slab 0x0000000087e74000 (file) is allocated and initialized
[FILE] filealloc
[SLAB] Alloc request on cache file
[SLAB] Object 0x0000000087e74be8 in slab 0x0000000087e74000 (file) is allocated and initialized
[FILE] filealloc
[SLAB] Alloc request on cache file
[SLAB] Object 0x0000000087e74de0 in slab 0x0000000087e74000 (file) is allocated and initialized
[FILE] filealloc
[SLAB] Alloc request on cache file
[SLAB] A new slab 0x0000000087e73000 (file) is allocated
[SLAB] Object 0x0000000087e73018 in slab 0x0000000087e73000 (file) is allocated and initialized
[FILE] fileclose
[FILE] fileclose
[SLAB] Free 0x0000000087f4ede0 in slab 0x0000000087f4e000 (file)
[SLAB] End of free
[SLAB] Free 0x0000000087f4ebe8 in slab 0x0000000087f4e000 (file)
[SLAB] End of free
[FILE] fileclose
[SLAB] Free 0x0000000087f4e7f8 in slab 0x0000000087f4e000 (file)
[SLAB] End of free
[FILE] fileclose
[SLAB] Free 0x0000000087e72210 in slab 0x0000000087e72000 (file)
[SLAB] End of free
[FILE] fileclose
[SLAB] Free 0x0000000087e72408 in slab 0x0000000087e72000 (file)
[SLAB] End of free
[FILE] fileclose
[SLAB] Free 0x0000000087e72600 in slab 0x0000000087e72000 (file)
[SLAB] End of free
[FILE] fileclose
[SLAB] Free 0x0000000087f4e408 in slab 0x0000000087f4e000 (file)
[SLAB] End of free
[FILE] fileclose
[SLAB] Free 0x0000000087e727f8 in slab 0x0000000087e72000 (file)
[SLAB] End of free
[FILE] fileclose
[SLAB] Free 0x0000000087e729f0 in slab 0x0000000087e72000 (file)
[SLAB] End of free
[FILE] fileclose
[SLAB] Free 0x0000000087e72018 in slab 0x0000000087e72000 (file)
[SLAB] End of free
[FILE] fileclose
[SLAB] Free 0x0000000087e72be8 in slab 0x0000000087e72000 (file)
[SLAB] End of free
[FILE] fileclose
[SLAB] Free 0x0000000087e72de0 in slab 0x0000000087e72000 (file)
[SLAB] slab 0x0000000087e72000 (file) is freed due to save memory
[SLAB] End of free
[FILE] fileclose
[SLAB] Free 0x0000000087e74018 in slab 0x0000000087e74000 (file)
[SLAB] End of free
[FILE] fileclose
[SLAB] Free 0x0000000087e74210 in slab 0x0000000087e74000 (file)
[SLAB] End of free
[FILE] fileclose
[SLAB] Free 0x0000000087f4e9f0 in slab 0x0000000087f4e000 (file)
[FILE] fileclose
[SLAB] End of free
[SLAB] Free 0x0000000087e74408 in slab 0x0000000087e74000 (file)
[SLAB] End of free
[FILE] fileclose
[SLAB] Free 0x0000000087e74600 in slab 0x0000000087e74000 (file)
[SLAB] End of free
[FILE] fileclose
[SLAB] Free 0x0000000087e747f8 in slab 0x0000000087e74000 (file)
[SLAB] End of free
[FILE] fileclose
[SLAB] Free 0x0000000087e749f0 in slab 0x0000000087e74000 (file)
[SLAB] End of free
[FILE] fileclose
[SLAB] Free 0x0000000087e74be8 in slab 0x0000000087e74000 (file)
[SLAB] End of free
[FILE] fileclose
[SLAB] Free 0x0000000087e74de0 in slab 0x0000000087e74000 (file)
[SLAB] slab 0x0000000087e74000 (file) is freed due to save memory
[SLAB] End of free
[FILE] fileclose
[SLAB] Free 0x0000000087e73018 in slab 0x0000000087e73000 (file)
[SLAB] End of free
[FILE] fileclose
[SLAB] Free 0x0000000087f4e600 in slab 0x0000000087f4e000 (file)
[SLAB] End of free
[FILE] fileclose
[SLAB] Free 0x0000000087f4e210 in slab 0x0000000087f4e000 (file)
[SLAB] End of free
$ qemu-system-riscv64: terminating on signal 15 from pid 997 (make)
