
xv6 kernel is booting

[MP2] Slab size: 3
[FILE] fileinit
[SLAB] New kmem_cache (name: file, object size: 504 bytes, at: 0x0000000087f59000, max objects per slab: 8, support in cache obj: 0) is created
hart 2 starting
hart 1 starting
[FILE] filealloc
[SLAB] Alloc request on cache file
[SLAB] A new slab 0x0000000087f4e000 (file) is allocated
[SLAB] Object 0x0000000087f4e018 in slab 0x0000000087f4e000 (file) is allocated and initialized
init: starting sh
[FILE] filealloc
[SLAB] Alloc request on cache file
[SLAB] Object 0x0000000087f4e210 in slab 0x0000000087f4e000 (file) is allocated and initialized
[FILE] fileclose
[SLAB] Free 0x0000000087f4e210 in slab 0x0000000087f4e000 (file)
[SLAB] End of free
$ echo Ok | gah . 24 | oak | oap > ok
[FILE] filealloc
[SLAB] Alloc request on cache file
[SLAB] Object 0x0000000087f4e210 in slab 0x0000000087f4e000 (file) is allocated and initialized
[FILE] filealloc
[SLAB] Alloc request on cache file
[SLAB] Object 0x0000000087f4e408 in slab 0x0000000087f4e000 (file) is allocated and initialized
[FILE] filealloc
[SLAB] Alloc request on cache file
[SLAB] Object 0x0000000087f4e600 in slab 0x0000000087f4e000 (file) is allocated and initialized
[FILE] filealloc
[SLAB] Alloc request on cache file
[SLAB] Object 0x0000000087f4e7f8 in slab 0x0000000087f4e000 (file) is allocated and initialized
[FILE] fileclose
[SLAB] Free 0x0000000087f4e408 in slab 0x0000000087f4e000 (file)
[SLAB] End of free
[FILE] filealloc
[SLAB] Alloc request on cache file
[SLAB] Object 0x0000000087f4e408 in slab 0x0000000087f4e000 (file) is allocated and initialized
[FILE] filealloc
[SLAB] Alloc request on cache file
[SLAB] Object 0x0000000087f4e9f0 in slab 0x0000000087f4e000 (file) is allocated and initialized
[FILE] filealloc
[SLAB] Alloc request on cache file
[SLAB] Object 0x0000000087f4ebe8 in slab 0x0000000087f4e000 (file) is allocated and initialized
[FILE] filealloc
[SLAB] Alloc request on cache file
[SLAB] Object 0x0000000087f4ede0 in slab 0x0000000087f4e000 (file) is allocated and initialized
[FILE] filealloc
[SLAB] Alloc request on cache file
[SLAB] A new slab 0x0000000087e8a000 (file) is allocated
[SLAB] Object 0x0000000087e8a018 in slab 0x0000000087e8a000 (file) is allocated and initialized
[FILE] filealloc
[SLAB] Alloc request on cache file
[SLAB] Object 0x0000000087e8a210 in slab 0x0000000087e8a000 (file) is allocated and initialized
[FILE] filealloc
[SLAB] Alloc request on cache file
[SLAB] Object 0x0000000087e8a408 in slab 0x0000000087e8a000 (file) is allocated and initialized
[FILE] filealloc
[SLAB] Alloc request on cache file
[SLAB] Object 0x0000000087e8a600 in slab 0x0000000087e8a000 (file) is allocated and initialized
[FILE] filealloc
[SLAB] Alloc request on cache file
[SLAB] Object 0x0000000087e8a7f8 in slab 0x0000000087e8a000 (file) is allocated and initialized
[FILE] filealloc
[SLAB] Alloc request on cache file
[SLAB] Object 0x0000000087e8a9f0 in slab 0x0000000087e8a000 (file) is allocated and initialized
[FILE] filealloc
[SLAB] Alloc request on cache file
[SLAB] Object 0x0000000087e8abe8 in slab 0x0000000087e8a000 (file) is allocated and initialized
[FILE] filealloc
[SLAB] Alloc request on cache file
[SLAB] Object 0x0000000087e8ade0 in slab 0x0000000087e8a000 (file) is allocated and initialized
[FILE] filealloc
[SLAB] Alloc request on cache file
[SLAB] A new slab 0x0000000087f15000 (file) is allocated
[SLAB] Object 0x0000000087f15018 in slab 0x0000000087f15000 (file) is allocated and initialized
[FILE] filealloc
[SLAB] Alloc request on cache file
[SLAB] Object 0x0000000087f15210 in slab 0x0000000087f15000 (file) is allocated and initialized
[FILE] filealloc
[SLAB] Alloc request on cache file
[SLAB] Object 0x0000000087f15408 in slab 0x0000000087f15000 (file) is allocated and initialized
[FILE] filealloc
[SLAB] Alloc request on cache file
[SLAB] Object 0x0000000087f15600 in slab 0x0000000087f15000 (file) is allocated and initialized
[FILE] filealloc
[SLAB] Alloc request on cache file
[SLAB] Object 0x0000000087f157f8 in slab 0x0000000087f15000 (file) is allocated and initialized
[FILE] filealloc
[SLAB] Alloc request on cache file
[SLAB] Object 0x0000000087f159f0 in slab 0x0000000087f15000 (file) is allocated and initialized
[FILE] filealloc
[SLAB] Alloc request on cache file
[SLAB] Object 0x0000000087f15be8 in slab 0x0000000087f15000 (file) is allocated and initialized
[FILE] filealloc
[SLAB] Alloc request on cache file
[SLAB] Object 0x0000000087f15de0 in slab 0x0000000087f15000 (file) is allocated and initialized
[FILE] filealloc
[SLAB] Alloc request on cache file
[SLAB] A new slab 0x0000000087f16000 (file) is allocated
[SLAB] Object 0x0000000087f16018 in slab 0x0000000087f16000 (file) is allocated and initialized
[FILE] filealloc
[SLAB] Alloc request on cache file
[SLAB] Object 0x0000000087f16210 in slab 0x0000000087f16000 (file) is allocated and initialized
[FILE] filealloc
[SLAB] Alloc request on cache file
[SLAB] Object 0x0000000087f16408 in slab 0x0000000087f16000 (file) is allocated and initialized
[FILE] filealloc
[SLAB] Alloc request on cache file
[SLAB] Object 0x0000000087f16600 in slab 0x0000000087f16000 (file) is allocated and initialized
[FILE] filealloc
[SLAB] Alloc request on cache file
[SLAB] Object 0x0000000087f167f8 in slab 0x0000000087f16000 (file) is allocated and initialized
[FILE] filealloc
[SLAB] Alloc request on cache file
[SLAB] Object 0x0000000087f169f0 in slab 0x0000000087f16000 (file) is allocated and initialized
[FILE] filealloc
[SLAB] Alloc request on cache file
[SLAB] Object 0x0000000087f16be8 in slab 0x0000000087f16000 (file) is allocated and initialized
[SLAB] kmem_cache { name: file, object_size: 504, at: 0x0000000087f59000, in_cache_obj: 0 }
[SLAB]    [ partial slabs ]
[SLAB]        [ slab 0x0000000087f16000 ] { freelist: 0x0000000087f16de0, nxt: 0x0000000000000000 }
[FILE] fileclose
[SLAB]           [ idx 0 ] { addr: 0x0000000087f16018, as_ptr: 0x0000000100000002, as_obj: { [FILE] fileclose
tp: 2, ref: 1, readable: 1, writable: 1, pipe: 0x0000000000000000, ip: 0x0000000080035e10, off: 0, major: 0} }
[SLAB]           [ idx 1 ] { addr: 0x0000000087f16210, as_ptr: 0x0000000100000002, as_obj: { tp: 2, ref: 1, readable: 1, writable: 1, pipe: 0x0000000000000000, ip: 0x0000000080035e98, off: 0, major: 0} }
[SLAB]           [ idx 2 ] { addr: 0x0000000087f16408, as_ptr: 0x0000000100000002, as_obj: { tp: 2, ref: 1, readable: 1, writable: 1, pipe: 0x0000000000000000, ip: 0x0000000080035f20, off: 0, major: 0} }
[SLAB]           [ idx 3 ] { addr: 0x0000000087f16600, as_ptr: 0x0000000100000002, as_obj: { tp: 2, ref: 1, readable: 1, writable: 1, pipe: 0x0000000000000000, ip: 0x0000000080035fa8, off: 0, major: 0} }
[SLAB]           [ idx 4 ] { addr: 0x0000000087f167f8, as_ptr: 0x0000000100000002, as_obj: { tp: 2, ref: 1, readable: 1, writable: 1, pipe: 0x0000000000000000, ip: 0x0000000080036030, off: 0, major: 0} }
[SLAB]           [ idx 5 ] { addr: 0x0000000087f169f0, as_ptr: 0x0000000100000002, as_obj: { tp: 2, ref: 1, readable: 1, writable: 1, pipe: 0x0000000000000000, ip: 0x00000000800360b8, off: 0, major: 0} }
[SLAB]           [ idx 6 ] { addr: 0x0000000087f16be8, as_ptr: 0x0000000100000002, as_obj: { tp: 2, ref: 1, readable: 1, writable: 1, pipe: 0x0000000000000000, ip: 0x0000000080036140, off: 0, major: 0} }
[SLAB]           [ idx 7 ] { addr: 0x0000000087f16de0, as_ptr: 0x0000000000000000, as_obj: { tp: 0, ref: 0, readable: 5, writable: 5, pipe: 0x0505050505050505, ip: 0x0505050505050505, off: 84215045, major: 1285} }
[SLAB]    [ full slabs ]
[SLAB]        [ slab 0x0000000087f15000 ] { freelist: 0x0000000000000000, nxt: 0x0000000087e8a000 }
[SLAB]           [ idx 0 ] { addr: 0x0000000087f15018, as_ptr: 0x0000000100000002, as_obj: { tp: 2, ref: 1, readable: 1, writable: 1, pipe: 0x0000000000000000, ip: 0x00000000800359d0, off: 0, major: 0} }
[SLAB]           [ idx 1 ] { addr: 0x0000000087f15210, as_ptr: 0x0000000100000002, as_obj: { tp: 2, ref: 1, readable: 1, writable: 1, pipe: 0x0000000000000000, ip: 0x0000000080035a58, off: 0, major: 0} }
[SLAB]           [ idx 2 ] { addr: 0x0000000087f15408, as_ptr: 0x0000000100000002, as_obj: { tp: 2, ref: 1, readable: 1, writable: 1, pipe: 0x0000000000000000, ip: 0x0000000080035ae0, off: 0, major: 0} }
[SLAB]           [ idx 3 ] { addr: 0x0000000087f15600, as_ptr: 0x0000000100000002, as_obj: { tp: 2, ref: 1, readable: 1, writable: 1, pipe: 0x0000000000000000, ip: 0x0000000080035b68, off: 0, major: 0} }
[SLAB]           [ idx 4 ] { addr: 0x0000000087f157f8, as_ptr: 0x0000000100000002, as_obj: { tp: 2, ref: 1, readable: 1, writable: 1, pipe: 0x0000000000000000, ip: 0x0000000080035bf0, off: 0, major: 0} }
[SLAB]           [ idx 5 ] { addr: 0x0000000087f159f0, as_ptr: 0x0000000100000002, as_obj: { tp: 2, ref: 1, readable: 1, writable: 1, pipe: 0x0000000000000000, ip: 0x0000000080035c78, off: 0, major: 0} }
[SLAB]           [ idx 6 ] { addr: 0x0000000087f15be8, as_ptr: 0x0000000100000002, as_obj: { tp: 2, ref: 1, readable: 1, writable: 1, pipe: 0x0000000000000000, ip: 0x0000000080035d00, off: 0, major: 0} }
[SLAB]           [ idx 7 ] { addr: 0x0000000087f15de0, as_ptr: 0x0000000100000002, as_obj: { tp: 2, ref: 1, readable: 1, writable: 1, pipe: 0x0000000000000000, ip: 0x0000000080035d88, off: 0, major: 0} }
[SLAB]        [ slab 0x0000000087e8a000 ] { freelist: 0x0000000000000000, nxt: 0x0000000087f4e000 }
[SLAB]           [ idx 0 ] { addr: 0x0000000087e8a018, as_ptr: 0x0000000100000002, as_obj: { tp: 2, ref: 1, readable: 1, writable: 1, pipe: 0x0000000000000000, ip: 0x0000000080035508, off: 0, major: 0} }
[SLAB]           [ idx 1 ] { addr: 0x0000000087e8a210, as_ptr: 0x0000000100000002, as_obj: { tp: 2, ref: 1, readable: 1, writable: 1, pipe: 0x0000000000000000, ip: 0x0000000080035618, off: 0, major: 0} }
[SLAB]           [ idx 2 ] { addr: 0x0000000087e8a408, as_ptr: 0x0000000100000002, as_obj: { tp: 2, ref: 1, readable: 1, writable: 1, pipe: 0x0000000000000000, ip: 0x00000000800356a0, off: 0, major: 0} }
[SLAB]           [ idx 3 ] { addr: 0x0000000087e8a600, as_ptr: 0x0000000100000002, as_obj: { tp: 2, ref: 1, readable: 1, writable: 1, pipe: 0x0000000000000000, ip: 0x0000000080035728, off: 0, major: 0} }
[SLAB]           [ idx 4 ] { addr: 0x0000000087e8a7f8, as_ptr: 0x0000000100000002, as_obj: { tp: 2, ref: 1, readable: 1, writable: 1, pipe: 0x0000000000000000, ip: 0x00000000800357b0, off: 0, major: 0} }
[SLAB]           [ idx 5 ] { addr: 0x0000000087e8a9f0, as_ptr: 0x0000000100000002, as_obj: { tp: 2, ref: 1, readable: 1, writable: 1, pipe: 0x0000000000000000, ip: 0x0000000080035838, off: 0, major: 0} }
[SLAB]           [ idx 6 ] { addr: 0x0000000087e8abe8, as_ptr: 0x0000000100000002, as_obj: { tp: 2, ref: 1, readable: 1, writable: 1, pipe: 0x0000000000000000, ip: 0x00000000800358c0, off: 0, major: 0} }
[SLAB]           [ idx 7 ] { addr: 0x0000000087e8ade0, as_ptr: 0x0000000100000002, as_obj: { tp: 2, ref: 1, readable: 1, writable: 1, pipe: 0x0000000000000000, ip: 0x0000000080035948, off: 0, major: 0} }
[SLAB]        [ slab 0x0000000087f4e000 ] { freelist: 0x0000000000000000, nxt: 0x0000000000000000 }
[SLAB]           [ idx 0 ] { addr: 0x0000000087f4e018, as_ptr: 0x0000001000000003, as_obj: { tp: 3, ref: 16, readable: 1, writable: 1, pipe: 0x0000000000000000, ip: 0x00000000800353f8, off: 0, major: 1} }
[SLAB]           [ idx 1 ] { addr: 0x0000000087f4e210, as_ptr: 0x0000000100000001, as_obj: { tp: 1, ref: 1, readable: 1, writable: 0, pipe: 0x0000000087f24000, ip: 0x0000000000000000, off: 0, major: 0} }
[SLAB]           [ idx 2 ] { addr: 0x0000000087f4e408, as_ptr: 0x0000000100000001, as_obj: { tp: 1, ref: 1, readable: 1, writable: 0, pipe: 0x0000000087f23000, ip: 0x0000000000000000, off: 0, major: 0} }
[SLAB]           [ idx 3 ] { addr: 0x0000000087f4e600, as_ptr: 0x0000000100000001, as_obj: { tp: 1, ref: 1, readable: 1, writable: 0, pipe: 0x0000000087ee5000, ip: 0x0000000000000000, off: 0, major: 0} }
[SLAB]           [ idx 4 ] { addr: 0x0000000087f4e7f8, as_ptr: 0x0000000000000001, as_obj: { tp: 1, ref: 0, readable: 0, writable: 1, pipe: 0x0000000087ee5000, ip: 0x0000000000000000, off: 0, major: 0} }
[SLAB]           [ idx 5 ] { addr: 0x0000000087f4e9f0, as_ptr: 0x0000000000000001, as_obj: { tp: 1, ref: 0, readable: 0, writable: 1, pipe: 0x0000000087f23000, ip: 0x0000000000000000, off: 0, major: 0} }
[SLAB]           [ idx 6 ] { addr: 0x0000000087f4ebe8, as_ptr: 0x0000000100000002, as_obj: { tp: 2, ref: 1, readable: 0, writable: 1, pipe: 0x0000000000000000, ip: 0x0000000080035590, off: 0, major: 0} }
[SLAB]           [ idx 7 ] { addr: 0x0000000087f4ede0, as_ptr: 0x0000000100000002, as_obj: { tp: 2, ref: 1, readable: 1, writable: 1, pipe: 0x0000000000000000, ip: 0x0000000080035480, off: 0, major: 0} }
[SLAB] print_kmem_cache end
[SLAB] Free 0x0000000087f4e7f8 in slab 0x0000000087f4e000 (file)
[SLAB] End of free
[SLAB] Free 0x0000000087f4e9f0 in slab 0x0000000087f4e000 (file)
[SLAB] End of free
[FILE] fileclose
[SLAB] Free 0x0000000087f4ede0 in slab 0x0000000087f4e000 (file)
[SLAB] End of free
[FILE] fileclose
[SLAB] Free 0x0000000087e8a018 in slab 0x0000000087e8a000 (file)
[SLAB] End of free
[FILE] fileclose
[SLAB] Free 0x0000000087e8a210 in slab 0x0000000087e8a000 (file)
[SLAB] End of free
[FILE] fileclose
[SLAB] Free 0x0000000087e8a408 in slab 0x0000000087e8a000 (file)
[SLAB] End of free
[FILE] fileclose
[SLAB] Free 0x0000000087e8a600 in slab 0x0000000087e8a000 (file)
[SLAB] End of free
[FILE] fileclose
[SLAB] Free 0x0000000087e8a7f8 in slab 0x0000000087e8a000 (file)
[SLAB] End of free
[FILE] fileclose
[SLAB] Free 0x0000000087e8a9f0 in slab 0x0000000087e8a000 (file)
[SLAB] End of free
[FILE] fileclose
[SLAB] Free 0x0000000087e8abe8 in slab 0x0000000087e8a000 (file)
[SLAB] End of free
[FILE] fileclose
[SLAB] Free 0x0000000087e8ade0 in slab 0x0000000087e8a000 (file)
[SLAB] slab 0x0000000087e8a000 (file) is freed due to save memory
[SLAB] End of free
[FILE] fileclose
[SLAB] Free 0x0000000087f15018 in slab 0x0000000087f15000 (file)
[SLAB] End of free
[FILE] fileclose
[SLAB] Free 0x0000000087f15210 in slab 0x0000000087f15000 (file)
[SLAB] End of free
[FILE] fileclose
[SLAB] Free 0x0000000087f15408 in slab 0x0000000087f15000 (file)
[SLAB] End of free
[FILE] fileclose
[SLAB] Free 0x0000000087f15600 in slab 0x0000000087f15000 (file)
[SLAB] End of free
[FILE] fileclose
[SLAB] Free 0x0000000087f157f8 in slab 0x0000000087f15000 (file)
[SLAB] End of free
[FILE] fileclose
[SLAB] Free 0x0000000087f159f0 in slab 0x0000000087f15000 (file)
[SLAB] End of free
[FILE] fileclose
[SLAB] Free 0x0000000087f15be8 in slab 0x0000000087f15000 (file)
[SLAB] End of free
[FILE] fileclose
[SLAB] Free 0x0000000087f15de0 in slab 0x0000000087f15000 (file)
[SLAB] slab 0x0000000087f15000 (file) is freed due to save memory
[SLAB] End of free
[FILE] fileclose
[SLAB] Free 0x0000000087f16018 in slab 0x0000000087f16000 (file)
[SLAB] End of free
[FILE] fileclose
[SLAB] Free 0x0000000087f16210 in slab 0x0000000087f16000 (file)
[SLAB] End of free
[FILE] fileclose
[SLAB] Free 0x0000000087f16408 in slab 0x0000000087f16000 (file)
[SLAB] End of free
[FILE] fileclose
[SLAB] Free 0x0000000087f16600 in slab 0x0000000087f16000 (file)
[SLAB] End of free
[FILE] fileclose
[SLAB] Free 0x0000000087f167f8 in slab 0x0000000087f16000 (file)
[SLAB] End of free
[FILE] fileclose
[SLAB] Free 0x0000000087f169f0 in slab 0x0000000087f16000 (file)
[SLAB] End of free
[FILE] fileclose
[SLAB] Free 0x0000000087f16be8 in slab 0x0000000087f16000 (file)
[SLAB] End of free
[FILE] fileclose
[SLAB] Free 0x0000000087f4e408 in slab 0x0000000087f4e000 (file)
[SLAB] End of free
[FILE] fileclose
[SLAB] Free 0x0000000087f4ebe8 in slab 0x0000000087f4e000 (file)
[SLAB] End of free
[FILE] fileclose
[SLAB] Free 0x0000000087f4e600 in slab 0x0000000087f4e000 (file)
[SLAB] End of free
[FILE] fileclose
[SLAB] Free 0x0000000087f4e210 in slab 0x0000000087f4e000 (file)
[SLAB] End of free
$ qemu-system-riscv64: terminating on signal 15 from pid 881 (make)
