
xv6 kernel is booting

[MP2] Slab size: 3
[FILE] fileinit
[SLAB] New kmem_cache (name: file, object size: 504 bytes, at: 0x0000000087f59000, max objects per slab: 8, support in cache obj: 0) is created
hart 2 starting
hart 1 starting
[FILE] filealloc
[SLAB] Alloc request on cache file
[SLAB] A new slab 0x0000000087f4e000 (file) is allocated
[SLAB] Object 0x0000000087f4e018 in slab 0x0000000087f4e000 (file) is allocated and initialized
init: starting sh
[FILE] filealloc
[SLAB] Alloc request on cache file
[SLAB] Object 0x0000000087f4e210 in slab 0x0000000087f4e000 (file) is allocated and initialized
[FILE] fileclose
[SLAB] Free 0x0000000087f4e210 in slab 0x0000000087f4e000 (file)
[SLAB] End of free
$ echo Meow | tee f1 | tee f2 | tee f3 | tee f4 | tee f5 | tee f6 | tee f7 > f8
[FILE] filealloc
[SLAB] Alloc request on cache file
[SLAB] Object 0x0000000087f4e210 in slab 0x0000000087f4e000 (file) is allocated and initialized
[FILE] filealloc
[SLAB] Alloc request on cache file
[SLAB] Object 0x0000000087f4e408 in slab 0x0000000087f4e000 (file) is allocated and initialized
[FILE] filealloc
[SLAB] Alloc request on cache file
[SLAB] Object 0x0000000087f4e600 in slab 0x0000000087f4e000 (file) is allocated and initialized
[FILE] filealloc
[SLAB] Alloc request on cache file
[SLAB] Object 0x0000000087f4e7f8 in slab 0x0000000087f4e000 (file) is allocated and initialized
[FILE] filealloc
[SLAB] Alloc request on cache file
[SLAB] Object 0x0000000087f4e9f0 in slab 0x0000000087f4e000 (file) is allocated and initialized
[FILE] filealloc
[SLAB] Alloc request on cache file
[SLAB] Object 0x0000000087f4ebe8 in slab 0x0000000087f4e000 (file) is allocated and initialized
[FILE] filealloc
[SLAB] Alloc request on cache file
[SLAB] Object 0x0000000087f4ede0 in slab 0x0000000087f4e000 (file) is allocated and initialized
[FILE] filealloc
[SLAB] Alloc request on cache file
[SLAB] A new slab 0x0000000087e73000 (file) is allocated
[SLAB] Object 0x0000000087e73018 in slab 0x0000000087e73000 (file) is allocated and initialized
[FILE] fileclose
[SLAB] Free 0x0000000087f4e408 in slab 0x0000000087f4e000 (file)
[SLAB] End of free
[FILE] filealloc
[SLAB] Alloc request on cache file
[SLAB] Object 0x0000000087f4e408 in slab 0x0000000087f4e000 (file) is allocated and initialized
[FILE] filealloc
[SLAB] Alloc request on cache file
[SLAB] Object 0x0000000087e73210 in slab 0x0000000087e73000 (file) is allocated and initialized
[FILE] filealloc
[SLAB] Alloc request on cache file
[SLAB] Object 0x0000000087e73408 in slab 0x0000000087e73000 (file) is allocated and initialized
[FILE] filealloc
[SLAB] Alloc request on cache file
[SLAB] Object 0x0000000087e73600 in slab 0x0000000087e73000 (file) is allocated and initialized
[FILE] filealloc
[SLAB] Alloc request on cache file
[SLAB] Object 0x0000000087e737f8 in slab 0x0000000087e73000 (file) is allocated and initialized
[FILE] filealloc
[SLAB] Alloc request on cache file
[SLAB] Object 0x0000000087e739f0 in slab 0x0000000087e73000 (file) is allocated and initialized
[FILE] filealloc
[SLAB] Alloc request on cache file
[SLAB] Object 0x0000000087e73be8 in slab 0x0000000087e73000 (file) is allocated and initialized
[FILE] fileclose
[SLAB] Free 0x0000000087e73be8 in slab 0x0000000087e73000 (file)
[SLAB] End of free
[FILE] fileclose
[SLAB] Free 0x0000000087f4e7f8 in slab 0x0000000087f4e000 (file)
[SLAB] End of free
[FILE] filealloc
[SLAB] Alloc request on cache file
[SLAB] Object 0x0000000087f4e7f8 in slab 0x0000000087f4e000 (file) is allocated and initialized
[FILE] filealloc
[SLAB] Alloc request on cache file
[SLAB] Object 0x0000000087e73be8 in slab 0x0000000087e73000 (file) is allocated and initialized
[FILE] fileclose
[SLAB] Free 0x0000000087f4e7f8 in slab 0x0000000087f4e000 (file)
[SLAB] End of free
[FILE] fileclose
[SLAB] Free 0x0000000087f4ebe8 in slab 0x0000000087f4e000 (file)
[SLAB] End of free
[FILE] fileclose
[SLAB] Free 0x0000000087e73be8 in slab 0x0000000087e73000 (file)
[SLAB] End of free
[FILE] filealloc
[SLAB] Alloc request on cache file
[SLAB] Object 0x0000000087f4ebe8 in slab 0x0000000087f4e000 (file) is allocated and initialized
[FILE] fileclose
[SLAB] Free 0x0000000087e73018 in slab 0x0000000087e73000 (file)
[SLAB] End of free
[FILE] fileclose
[SLAB] Free 0x0000000087f4ebe8 in slab 0x0000000087f4e000 (file)
[SLAB] End of free
[FILE] filealloc
[SLAB] Alloc request on cache file
[SLAB] Object 0x0000000087f4ebe8 in slab 0x0000000087f4e000 (file) is allocated and initialized
[FILE] filealloc
[SLAB] Alloc request on cache file
[SLAB] Object 0x0000000087f4e7f8 in slab 0x0000000087f4e000 (file) is allocated and initialized
[FILE] fileclose
[SLAB] Free 0x0000000087e73210 in slab 0x0000000087e73000 (file)
[SLAB] End of free
[FILE] fileclose
[SLAB] Free 0x0000000087f4ebe8 in slab 0x0000000087f4e000 (file)
[SLAB] End of free
[FILE] filealloc
[SLAB] Alloc request on cache file
[SLAB] Object 0x0000000087f4ebe8 in slab 0x0000000087f4e000 (file) is allocated and initialized
[FILE] fileclose
[SLAB] Free 0x0000000087e73600 in slab 0x0000000087e73000 (file)
[SLAB] End of free
[FILE] fileclose
[SLAB] Free 0x0000000087f4e7f8 in slab 0x0000000087f4e000 (file)
[SLAB] End of free
[FILE] filealloc
[SLAB] Alloc request on cache file
[SLAB] Object 0x0000000087f4e7f8 in slab 0x0000000087f4e000 (file) is allocated and initialized
[FILE] fileclose
[SLAB] Free 0x0000000087e739f0 in slab 0x0000000087e73000 (file)
[SLAB] End of free
[FILE] fileclose
[SLAB] Free 0x0000000087f4e7f8 in slab 0x0000000087f4e000 (file)
[SLAB] End of free
[FILE] fileclose
[SLAB] Free 0x0000000087e737f8 in slab 0x0000000087e73000 (file)
[SLAB] End of free
[FILE] fileclose
[SLAB] Free 0x0000000087f4ebe8 in slab 0x0000000087f4e000 (file)
[SLAB] End of free
[FILE] fileclose
[SLAB] Free 0x0000000087e73408 in slab 0x0000000087e73000 (file)
[SLAB] End of free
[FILE] fileclose
[SLAB] Free 0x0000000087f4e408 in slab 0x0000000087f4e000 (file)
[SLAB] End of free
[FILE] fileclose
[SLAB] Free 0x0000000087f4ede0 in slab 0x0000000087f4e000 (file)
[SLAB] End of free
[FILE] fileclose
[SLAB] Free 0x0000000087f4e9f0 in slab 0x0000000087f4e000 (file)
[SLAB] End of free
[FILE] fileclose
[SLAB] Free 0x0000000087f4e600 in slab 0x0000000087f4e000 (file)
[SLAB] End of free
[FILE] fileclose
[SLAB] Free 0x0000000087f4e210 in slab 0x0000000087f4e000 (file)
[SLAB] End of free
$ checkstr f7 Meow
[FILE] filealloc
[SLAB] Alloc request on cache file
[SLAB] Object 0x0000000087f4e210 in slab 0x0000000087f4e000 (file) is allocated and initialized
[FILE] fileclose
[SLAB] Free 0x0000000087f4e210 in slab 0x0000000087f4e000 (file)
[SLAB] End of free
Contents match: 'Meow' equals 'Meow'
$ checkstr f8 Meow
[FILE] filealloc
[SLAB] Alloc request on cache file
[SLAB] Object 0x0000000087f4e210 in slab 0x0000000087f4e000 (file) is allocated and initialized
[FILE] fileclose
[SLAB] Free 0x0000000087f4e210 in slab 0x0000000087f4e000 (file)
[SLAB] End of free
Contents match: 'Meow' equals 'Meow'
$ qemu-system-riscv64: terminating on signal 15 from pid 1114 (make)
